TN:
SF:/Users/boudrd/workspace/personal/dev/dynamaestro/lib/index.js
FN:3,(anonymous_1)
FNF:1
FNH:1
FNDA:2,(anonymous_1)
DA:1,1
DA:3,1
DA:4,2
DA:10,2
DA:11,2
DA:12,2
DA:15,1
LF:7
LH:7
BRF:0
BRH:0
end_of_record
TN:
SF:/Users/boudrd/workspace/personal/dev/dynamaestro/lib/get-item.js
FN:1,(anonymous_1)
FNF:1
FNH:1
FNDA:3,(anonymous_1)
DA:1,1
DA:2,3
DA:3,3
DA:4,3
DA:6,3
LF:5
LH:5
BRDA:2,1,0,3
BRDA:2,1,1,0
BRF:2
BRH:1
end_of_record
TN:
SF:/Users/boudrd/workspace/personal/dev/dynamaestro/lib/scan.js
FN:1,(anonymous_1)
FNF:1
FNH:1
FNDA:2,(anonymous_1)
DA:1,1
DA:2,2
DA:3,2
DA:4,2
DA:6,2
LF:5
LH:5
BRDA:2,1,0,2
BRDA:2,1,1,0
BRF:2
BRH:1
end_of_record
TN:
SF:/Users/boudrd/workspace/personal/dev/dynamaestro/lib/query.js
FN:1,(anonymous_1)
FNF:1
FNH:1
FNDA:5,(anonymous_1)
DA:1,1
DA:2,5
DA:3,5
DA:4,5
DA:6,5
LF:5
LH:5
BRDA:2,1,0,5
BRDA:2,1,1,0
BRF:2
BRH:1
end_of_record
TN:
SF:/Users/boudrd/workspace/personal/dev/dynamaestro/lib/global-index.js
FN:1,(anonymous_1)
FNF:1
FNH:1
FNDA:1,(anonymous_1)
DA:1,1
DA:2,1
DA:3,1
LF:3
LH:3
BRF:0
BRH:0
end_of_record
TN:
SF:/Users/boudrd/workspace/personal/dev/dynamaestro/lib/batch-get-items.js
FN:1,(anonymous_1)
FNF:1
FNH:1
FNDA:3,(anonymous_1)
DA:1,1
DA:2,3
DA:3,3
DA:4,3
DA:5,3
DA:7,3
LF:6
LH:6
BRDA:2,1,0,3
BRDA:2,1,1,0
BRF:2
BRH:1
end_of_record
TN:
SF:/Users/boudrd/workspace/personal/dev/dynamaestro/lib/batch-write-items.js
FN:1,(anonymous_1)
FNF:1
FNH:1
FNDA:58,(anonymous_1)
DA:1,1
DA:2,58
DA:3,6
DA:4,6
DA:5,6
DA:7,58
LF:6
LH:6
BRDA:2,1,0,6
BRDA:2,1,1,52
BRF:2
BRH:2
end_of_record
TN:
SF:/Users/boudrd/workspace/personal/dev/dynamaestro/lib/put-item.js
FN:1,(anonymous_1)
FNF:1
FNH:1
FNDA:3,(anonymous_1)
DA:1,1
DA:2,3
DA:3,3
DA:4,3
DA:5,3
DA:7,3
LF:6
LH:6
BRDA:2,1,0,3
BRDA:2,1,1,0
BRF:2
BRH:1
end_of_record
TN:
SF:/Users/boudrd/workspace/personal/dev/dynamaestro/lib/update-item.js
FN:1,(anonymous_1)
FNF:1
FNH:1
FNDA:1,(anonymous_1)
DA:1,1
DA:2,1
DA:3,1
DA:4,1
DA:5,1
DA:7,1
LF:6
LH:6
BRDA:2,1,0,1
BRDA:2,1,1,0
BRF:2
BRH:1
end_of_record
TN:
SF:/Users/boudrd/workspace/personal/dev/dynamaestro/lib/delete-item.js
FN:1,(anonymous_1)
FNF:1
FNH:1
FNDA:1,(anonymous_1)
DA:1,1
DA:2,1
DA:3,1
DA:4,1
DA:6,1
LF:5
LH:5
BRDA:2,1,0,1
BRDA:2,1,1,0
BRF:2
BRH:1
end_of_record
TN:
SF:/Users/boudrd/workspace/personal/dev/dynamaestro/lib/create-table.js
FN:1,(anonymous_1)
FNF:1
FNH:1
FNDA:3,(anonymous_1)
DA:1,1
DA:2,3
DA:3,3
DA:4,3
DA:5,3
DA:6,3
DA:7,3
DA:12,3
LF:8
LH:8
BRDA:2,1,0,3
BRDA:2,1,1,0
BRF:2
BRH:1
end_of_record
TN:
SF:/Users/boudrd/workspace/personal/dev/dynamaestro/lib/delete-table.js
FN:1,(anonymous_1)
FN:2,(anonymous_2)
FNF:2
FNH:2
FNDA:3,(anonymous_1)
FNDA:3,(anonymous_2)
DA:1,1
DA:2,3
DA:3,3
LF:3
LH:3
BRF:0
BRH:0
end_of_record
TN:
SF:/Users/boudrd/workspace/personal/dev/dynamaestro/lib/list-tables.js
FN:1,(anonymous_1)
FN:2,(anonymous_2)
FNF:2
FNH:2
FNDA:1,(anonymous_1)
FNDA:1,(anonymous_2)
DA:1,1
DA:2,1
DA:3,1
LF:3
LH:3
BRF:0
BRH:0
end_of_record
TN:
SF:/Users/boudrd/workspace/personal/dev/dynamaestro/lib/describe-table.js
FN:1,(anonymous_1)
FN:2,(anonymous_2)
FNF:2
FNH:2
FNDA:1,(anonymous_1)
FNDA:1,(anonymous_2)
DA:1,1
DA:2,1
DA:3,1
LF:3
LH:3
BRF:0
BRH:0
end_of_record
TN:
SF:/Users/boudrd/workspace/personal/dev/dynamaestro/lib/when-table-exists.js
FN:1,(anonymous_1)
FN:2,(anonymous_2)
FNF:2
FNH:2
FNDA:3,(anonymous_1)
FNDA:3,(anonymous_2)
DA:1,1
DA:2,3
DA:3,3
LF:3
LH:3
BRF:0
BRH:0
end_of_record
TN:
SF:/Users/boudrd/workspace/personal/dev/dynamaestro/lib/when-table-doesnt-exist.js
FN:1,(anonymous_1)
FN:2,(anonymous_2)
FNF:2
FNH:2
FNDA:3,(anonymous_1)
FNDA:3,(anonymous_2)
DA:1,1
DA:2,3
DA:3,3
LF:3
LH:3
BRF:0
BRH:0
end_of_record
TN:
SF:/Users/boudrd/workspace/personal/dev/dynamaestro/lib/allow-overwrite.js
FN:3,(anonymous_1)
FNF:1
FNH:1
FNDA:1,(anonymous_1)
DA:1,1
DA:3,1
DA:4,1
DA:5,1
DA:7,1
LF:5
LH:5
BRDA:4,1,0,1
BRDA:4,1,1,0
BRDA:4,2,0,1
BRDA:4,2,1,0
BRDA:4,2,2,1
BRF:5
BRH:3
end_of_record
TN:
SF:/Users/boudrd/workspace/personal/dev/dynamaestro/lib/item.js
FN:5,(anonymous_1)
FNF:1
FNH:1
FNDA:3,(anonymous_1)
DA:1,1
DA:2,1
DA:3,1
DA:5,1
DA:6,3
DA:7,3
DA:9,3
LF:7
LH:7
BRDA:6,1,0,3
BRDA:6,1,1,0
BRF:2
BRH:1
end_of_record
TN:
SF:/Users/boudrd/workspace/personal/dev/dynamaestro/lib/delete.js
FN:3,(anonymous_1)
FNF:1
FNH:1
FNDA:7,(anonymous_1)
DA:1,1
DA:3,1
DA:5,7
DA:7,7
DA:8,6
DA:9,1
DA:10,1
DA:13,6
DA:15,6
DA:22,7
DA:24,1
DA:25,1
DA:27,1
DA:28,1
DA:31,7
LF:15
LH:15
BRDA:7,1,0,6
BRDA:7,1,1,1
BRDA:8,2,0,1
BRDA:8,2,1,5
BRDA:8,3,0,6
BRDA:8,3,1,1
BRDA:22,4,0,1
BRDA:22,4,1,6
BRF:8
BRH:8
end_of_record
TN:
SF:/Users/boudrd/workspace/personal/dev/dynamaestro/lib/put.js
FN:6,(anonymous_1)
FNF:1
FNH:1
FNDA:56,(anonymous_1)
DA:1,1
DA:2,1
DA:3,1
DA:4,1
DA:6,1
DA:8,56
DA:10,56
DA:12,55
DA:14,55
DA:15,1
DA:16,1
DA:19,55
DA:21,55
DA:28,56
DA:30,1
DA:31,1
DA:33,1
DA:34,1
DA:35,1
DA:37,1
DA:41,1
DA:44,56
LF:22
LH:22
BRDA:10,1,0,55
BRDA:10,1,1,1
BRDA:14,2,0,1
BRDA:14,2,1,54
BRDA:14,3,0,55
BRDA:14,3,1,1
BRDA:28,4,0,1
BRDA:28,4,1,55
BRF:8
BRH:8
end_of_record
TN:
SF:/Users/boudrd/workspace/personal/dev/dynamaestro/lib/increment.js
FN:5,(anonymous_1)
FNF:1
FNH:1
FNDA:1,(anonymous_1)
DA:1,1
DA:2,1
DA:3,1
DA:5,1
DA:7,1
DA:8,1
DA:9,1
DA:10,1
DA:12,1
DA:16,1
DA:19,1
LF:11
LH:11
BRDA:7,1,0,1
BRDA:7,1,1,0
BRF:2
BRH:1
end_of_record
TN:
SF:/Users/boudrd/workspace/personal/dev/dynamaestro/lib/table.js
FN:3,(anonymous_1)
FNF:1
FNH:1
FNDA:29,(anonymous_1)
DA:1,1
DA:3,1
DA:6,29
DA:17,29
DA:18,18
DA:22,29
DA:24,4
DA:25,1
DA:28,4
DA:29,4
DA:30,4
DA:34,29
DA:36,7
DA:38,7
DA:39,1
DA:42,7
DA:43,7
DA:44,7
DA:47,29
LF:19
LH:19
BRDA:17,1,0,18
BRDA:17,1,1,11
BRDA:22,2,0,4
BRDA:22,2,1,25
BRDA:24,3,0,1
BRDA:24,3,1,3
BRDA:30,4,0,4
BRDA:30,4,1,4
BRDA:34,5,0,7
BRDA:34,5,1,22
BRDA:38,6,0,1
BRDA:38,6,1,6
BRDA:44,7,0,7
BRDA:44,7,1,7
BRF:14
BRH:14
end_of_record
TN:
SF:/Users/boudrd/workspace/personal/dev/dynamaestro/lib/select.js
FN:1,(anonymous_1)
FNF:1
FNH:1
FNDA:4,(anonymous_1)
DA:1,1
DA:3,4
DA:4,2
DA:7,4
DA:8,1
DA:9,1
DA:12,4
DA:13,1
DA:16,4
LF:9
LH:9
BRDA:3,1,0,2
BRDA:3,1,1,2
BRDA:3,2,0,4
BRDA:3,2,1,3
BRDA:7,3,0,1
BRDA:7,3,1,3
BRDA:12,4,0,1
BRDA:12,4,1,3
BRF:8
BRH:8
end_of_record
TN:
SF:/Users/boudrd/workspace/personal/dev/dynamaestro/lib/where.js
FN:3,(anonymous_1)
FN:43,(anonymous_2)
FNF:2
FNH:2
FNDA:48,(anonymous_1)
FNDA:4,(anonymous_2)
DA:1,1
DA:3,1
DA:5,48
DA:7,48
DA:13,48
DA:16,10
DA:17,10
DA:19,10
DA:21,10
DA:22,9
DA:27,10
DA:28,1
DA:34,48
DA:37,8
DA:38,8
DA:39,8
DA:41,8
DA:42,2
DA:43,2
DA:45,4
DA:47,4
DA:48,4
DA:53,4
DA:56,2
DA:59,8
DA:60,5
DA:65,8
DA:66,1
DA:71,8
DA:72,8
DA:79,48
DA:82,14
DA:83,14
DA:84,14
DA:86,14
DA:87,3
DA:88,3
DA:91,14
DA:92,13
DA:97,14
DA:98,1
DA:104,48
DA:107,16
DA:108,16
DA:109,16
DA:111,16
DA:112,2
DA:113,2
DA:116,16
DA:117,15
DA:122,16
DA:123,1
DA:130,48
LF:53
LH:53
BRDA:13,1,0,10
BRDA:13,1,1,38
BRDA:19,2,0,10
BRDA:19,2,1,5
BRDA:21,3,0,9
BRDA:21,3,1,1
BRDA:27,4,0,1
BRDA:27,4,1,9
BRDA:34,5,0,8
BRDA:34,5,1,40
BRDA:41,6,0,2
BRDA:41,6,1,6
BRDA:47,7,0,4
BRDA:47,7,1,0
BRDA:59,8,0,5
BRDA:59,8,1,3
BRDA:65,9,0,1
BRDA:65,9,1,7
BRDA:71,10,0,8
BRDA:71,10,1,5
BRDA:79,11,0,14
BRDA:79,11,1,34
BRDA:86,12,0,3
BRDA:86,12,1,11
BRDA:91,13,0,13
BRDA:91,13,1,1
BRDA:97,14,0,1
BRDA:97,14,1,13
BRDA:104,15,0,16
BRDA:104,15,1,32
BRDA:111,16,0,2
BRDA:111,16,1,14
BRDA:116,17,0,15
BRDA:116,17,1,1
BRDA:122,18,0,1
BRDA:122,18,1,15
BRF:36
BRH:35
end_of_record
TN:
SF:/Users/boudrd/workspace/personal/dev/dynamaestro/lib/execute.js
FN:6,(anonymous_1)
FN:12,(anonymous_2)
FN:26,(anonymous_3)
FN:41,(anonymous_4)
FN:47,(anonymous_5)
FN:70,(anonymous_6)
FN:78,(anonymous_7)
FN:87,(anonymous_8)
FN:95,(anonymous_9)
FN:101,(anonymous_10)
FN:108,(anonymous_11)
FNF:11
FNH:11
FNDA:27,(anonymous_1)
FNDA:3,(anonymous_2)
FNDA:7,(anonymous_3)
FNDA:3,(anonymous_4)
FNDA:4,(anonymous_5)
FNDA:6,(anonymous_6)
FNDA:2,(anonymous_7)
FNDA:2,(anonymous_8)
FNDA:1,(anonymous_9)
FNDA:1,(anonymous_10)
FNDA:5,(anonymous_11)
DA:1,1
DA:2,1
DA:3,1
DA:4,1
DA:6,1
DA:8,27
DA:9,27
DA:11,27
DA:12,3
DA:14,3
DA:15,3
DA:16,3
DA:17,3
DA:20,3
DA:25,27
DA:26,7
DA:27,7
DA:28,7
DA:30,7
DA:34,27
DA:36,3
DA:37,3
DA:38,3
DA:41,3
DA:43,3
DA:45,3
DA:47,3
DA:49,4
DA:54,4
DA:56,4
DA:60,3
DA:64,27
DA:65,6
DA:66,3
DA:67,3
DA:70,6
DA:71,6
DA:75,27
DA:77,3
DA:78,2
DA:80,2
DA:81,1
DA:82,1
DA:85,1
DA:87,1
DA:88,2
DA:93,1
DA:95,1
DA:96,1
DA:101,1
DA:102,1
DA:107,27
DA:108,5
DA:109,5
DA:113,27
LF:55
LH:55
BRDA:11,1,0,3
BRDA:11,1,1,24
BRDA:14,2,0,3
BRDA:14,2,1,0
BRDA:25,3,0,7
BRDA:25,3,1,20
BRDA:25,4,0,27
BRDA:25,4,1,22
BRDA:27,5,0,7
BRDA:27,5,1,0
BRDA:34,6,0,3
BRDA:34,6,1,24
BRDA:36,7,0,3
BRDA:36,7,1,0
BRDA:64,8,0,6
BRDA:64,8,1,21
BRDA:65,9,0,3
BRDA:65,9,1,3
BRDA:75,10,0,3
BRDA:75,10,1,24
BRDA:77,11,0,2
BRDA:77,11,1,1
BRDA:80,12,0,1
BRDA:80,12,1,1
BRDA:107,13,0,5
BRDA:107,13,1,22
BRDA:107,14,0,27
BRDA:107,14,1,26
BRDA:107,14,2,25
BRF:29
BRH:26
end_of_record
TN:
SF:/Users/boudrd/workspace/personal/dev/dynamaestro/lib/key.js
FN:3,(anonymous_1)
FN:46,(anonymous_2)
FN:85,(anonymous_3)
FN:116,(anonymous_4)
FNF:4
FNH:4
FNDA:14,(anonymous_1)
FNDA:2,(anonymous_2)
FNDA:2,(anonymous_3)
FNDA:17,(anonymous_4)
DA:1,1
DA:3,1
DA:6,14
DA:7,14
DA:10,9
DA:11,9
DA:14,5
DA:15,5
DA:19,14
DA:20,14
DA:23,7
DA:24,7
DA:27,7
DA:28,7
DA:32,14
DA:33,6
DA:40,14
DA:43,4
DA:46,4
DA:47,2
DA:51,4
DA:52,2
DA:69,4
DA:70,2
DA:79,14
DA:82,4
DA:85,4
DA:86,2
DA:90,4
DA:91,2
DA:104,4
DA:105,2
DA:116,14
DA:117,17
DA:121,14
DA:122,10
DA:128,14
LF:37
LH:37
BRDA:7,1,0,0
BRDA:7,1,1,9
BRDA:7,1,2,0
BRDA:7,1,3,5
BRDA:20,2,0,0
BRDA:20,2,1,7
BRDA:20,2,2,0
BRDA:20,2,3,7
BRDA:32,3,0,6
BRDA:32,3,1,8
BRDA:40,4,0,4
BRDA:40,4,1,10
BRDA:43,5,0,4
BRDA:43,5,1,2
BRDA:51,6,0,2
BRDA:51,6,1,2
BRDA:69,7,0,2
BRDA:69,7,1,2
BRDA:79,8,0,4
BRDA:79,8,1,10
BRDA:82,9,0,4
BRDA:82,9,1,2
BRDA:90,10,0,2
BRDA:90,10,1,2
BRDA:104,11,0,2
BRDA:104,11,1,2
BRDA:121,12,0,10
BRDA:121,12,1,4
BRF:28
BRH:24
end_of_record
TN:
SF:/Users/boudrd/workspace/personal/dev/dynamaestro/lib/provision.js
FN:7,(anonymous_1)
FN:23,(anonymous_2)
FNF:2
FNH:2
FNDA:5,(anonymous_1)
FNDA:2,(anonymous_2)
DA:1,1
DA:7,1
DA:11,5
DA:12,3
DA:20,5
DA:22,2
DA:23,2
DA:24,2
DA:26,2
DA:27,2
DA:36,5
LF:11
LH:11
BRDA:11,1,0,3
BRDA:11,1,1,2
BRDA:11,2,0,5
BRDA:11,2,1,2
BRDA:20,3,0,2
BRDA:20,3,1,3
BRDA:20,4,0,5
BRDA:20,4,1,2
BRDA:22,5,0,2
BRDA:22,5,1,0
BRDA:22,6,0,2
BRDA:22,6,1,2
BRDA:26,7,0,2
BRDA:26,7,1,0
BRF:14
BRH:12
end_of_record
